<?xml version="1.0" encoding="UTF-8" ?>
<testsuite tests="9" failures="0" name="test.nz.ac.massey.cs.sdc.taxcalculator.IncomeTaxCalculatorTest" time="0.01" errors="0" skipped="0">
  <properties>
    <property name="java.runtime.name" value="Java(TM) SE Runtime Environment"/>
    <property name="java.vm.version" value="16.0.1+9-24"/>
    <property name="sun.boot.library.path" value="/Library/Java/JavaVirtualMachines/jdk-16.0.1.jdk/Contents/Home/lib"/>
    <property name="maven.multiModuleProjectDirectory" value="/Users/atahir/Documents/repos/Teaching_159251/taxcalculator"/>
    <property name="java.vm.vendor" value="Oracle Corporation"/>
    <property name="java.vendor.url" value="https://java.oracle.com/"/>
    <property name="guice.disable.misplaced.annotation.check" value="true"/>
    <property name="path.separator" value=":"/>
    <property name="java.vm.name" value="Java HotSpot(TM) 64-Bit Server VM"/>
    <property name="user.country" value="NZ"/>
    <property name="sun.java.launcher" value="SUN_STANDARD"/>
    <property name="java.vm.specification.name" value="Java Virtual Machine Specification"/>
    <property name="user.dir" value="/Users/atahir/Documents/repos/Teaching_159251/taxcalculator"/>
    <property name="java.vm.compressedOopsMode" value="Zero based"/>
    <property name="java.runtime.version" value="16.0.1+9-24"/>
    <property name="os.arch" value="x86_64"/>
    <property name="java.io.tmpdir" value="/var/folders/km/9z20b62s7ll733d47ssm4ht8_j7w81/T/"/>
    <property name="line.separator" value="
"/>
    <property name="java.vm.specification.vendor" value="Oracle Corporation"/>
    <property name="os.name" value="Mac OS X"/>
    <property name="classworlds.conf" value="/Applications/apache-maven-3.8.1/bin/m2.conf"/>
    <property name="sun.jnu.encoding" value="UTF-8"/>
    <property name="java.library.path" value="/Users/atahir/Library/Java/Extensions:/Library/Java/Extensions:/Network/Library/Java/Extensions:/System/Library/Java/Extensions:/usr/lib/java:."/>
    <property name="maven.conf" value="/Applications/apache-maven-3.8.1/conf"/>
    <property name="jdk.debug" value="release"/>
    <property name="java.class.version" value="60.0"/>
    <property name="java.specification.name" value="Java Platform API Specification"/>
    <property name="sun.management.compiler" value="HotSpot 64-Bit Tiered Compilers"/>
    <property name="os.version" value="11.2"/>
    <property name="library.jansi.path" value="/Applications/apache-maven-3.8.1/lib/jansi-native"/>
    <property name="http.nonProxyHosts" value="local|*.local|169.254/16|*.169.254/16"/>
    <property name="user.home" value="/Users/atahir"/>
    <property name="user.timezone" value="Pacific/Auckland"/>
    <property name="file.encoding" value="UTF-8"/>
    <property name="java.specification.version" value="16"/>
    <property name="user.name" value="atahir"/>
    <property name="java.class.path" value="/Applications/apache-maven-3.8.1/boot/plexus-classworlds-2.6.0.jar"/>
    <property name="java.vm.specification.version" value="16"/>
    <property name="sun.arch.data.model" value="64"/>
    <property name="sun.java.command" value="org.codehaus.plexus.classworlds.launcher.Launcher clean test"/>
    <property name="java.home" value="/Library/Java/JavaVirtualMachines/jdk-16.0.1.jdk/Contents/Home"/>
    <property name="user.language" value="en"/>
    <property name="java.specification.vendor" value="Oracle Corporation"/>
    <property name="java.vm.info" value="mixed mode, sharing"/>
    <property name="java.version" value="16.0.1"/>
    <property name="java.vendor" value="Oracle Corporation"/>
    <property name="maven.home" value="/Applications/apache-maven-3.8.1"/>
    <property name="file.separator" value="/"/>
    <property name="java.version.date" value="2021-04-20"/>
    <property name="java.vendor.url.bug" value="https://bugreport.java.com/bugreport/"/>
    <property name="sun.io.unicode.encoding" value="UnicodeBig"/>
    <property name="sun.cpu.endian" value="little"/>
    <property name="socksNonProxyHosts" value="local|*.local|169.254/16|*.169.254/16"/>
    <property name="ftp.nonProxyHosts" value="local|*.local|169.254/16|*.169.254/16"/>
  </properties>
  <testcase classname="test.nz.ac.massey.cs.sdc.taxcalculator.IncomeTaxCalculatorTest" name="testSmallIncome" time="0.001"/>
  <testcase classname="test.nz.ac.massey.cs.sdc.taxcalculator.IncomeTaxCalculatorTest" name="testZero" time="0.001"/>
  <testcase classname="test.nz.ac.massey.cs.sdc.taxcalculator.IncomeTaxCalculatorTest" name="test1" time="0.001"/>
  <testcase classname="test.nz.ac.massey.cs.sdc.taxcalculator.IncomeTaxCalculatorTest" name="test2" time="0"/>
  <testcase classname="test.nz.ac.massey.cs.sdc.taxcalculator.IncomeTaxCalculatorTest" name="test2InclPerformance" time="0.003"/>
  <testcase classname="test.nz.ac.massey.cs.sdc.taxcalculator.IncomeTaxCalculatorTest" name="test1InclPerformance" time="0.002"/>
  <testcase classname="test.nz.ac.massey.cs.sdc.taxcalculator.IncomeTaxCalculatorTest" name="testNegativeIncome1" time="0"/>
  <testcase classname="test.nz.ac.massey.cs.sdc.taxcalculator.IncomeTaxCalculatorTest" name="testNegativeIncome2" time="0"/>
  <testcase classname="test.nz.ac.massey.cs.sdc.taxcalculator.IncomeTaxCalculatorTest" name="testLargeIncome" time="0.002"/>
</testsuite>